<?xml version="1.0" encoding="UTF-8"?>
<!-- Generated by org.testng.reporters.JUnitXMLReporter -->
<testsuite hostname="ISIPLBLRL-266" ignored="0" name="Default test" tests="5" failures="2" timestamp="2022-10-19T10:18:09 IST" time="27.47" errors="0">
  <testcase name="runScenario" time="7.675" classname="cucumber.api.testng.AbstractTestNGCucumberTests"/>
  <testcase name="runScenario" time="5.073" classname="cucumber.api.testng.AbstractTestNGCucumberTests">
    <failure type="java.lang.AssertionError" message="expected [Username or Password is incorrect.1] but found [Username or Password is incorrect.]">
      <![CDATA[java.lang.AssertionError: expected [Username or Password is incorrect.1] but found [Username or Password is incorrect.]
at org.testng.Assert.fail(Assert.java:99)
at org.testng.Assert.failNotEquals(Assert.java:1037)
at org.testng.Assert.assertEqualsImpl(Assert.java:140)
at org.testng.Assert.assertEquals(Assert.java:122)
at org.testng.Assert.assertEquals(Assert.java:629)
at org.testng.Assert.assertEquals(Assert.java:639)
at stepdefinations.steps.loginShouldBeFailed(steps.java:66)
at ✽.login should be Failed(src\test\java\features\login.feature:21)
]]>
    </failure>
  </testcase> <!-- runScenario -->
  <testcase name="runScenario" time="4.844" classname="cucumber.api.testng.AbstractTestNGCucumberTests">
    <failure type="java.lang.AssertionError" message="expected [Username or Password is incorrect.1] but found [Username or Password is incorrect.]">
      <![CDATA[java.lang.AssertionError: expected [Username or Password is incorrect.1] but found [Username or Password is incorrect.]
at org.testng.Assert.fail(Assert.java:99)
at org.testng.Assert.failNotEquals(Assert.java:1037)
at org.testng.Assert.assertEqualsImpl(Assert.java:140)
at org.testng.Assert.assertEquals(Assert.java:122)
at org.testng.Assert.assertEquals(Assert.java:629)
at org.testng.Assert.assertEquals(Assert.java:639)
at stepdefinations.steps.loginShouldBeFailed(steps.java:66)
at ✽.login should be Failed(src\test\java\features\login.feature:21)
]]>
    </failure>
  </testcase> <!-- runScenario -->
  <testcase name="runScenario" time="4.918" classname="cucumber.api.testng.AbstractTestNGCucumberTests"/>
  <testcase name="runScenario" time="4.644" classname="cucumber.api.testng.AbstractTestNGCucumberTests"/>
</testsuite> <!-- Default test -->
